<?xml version="1.0" encoding="UTF-8"?>
<!-- Generated by org.testng.reporters.JUnitReportReporter -->
<testsuite hostname="WIN-46969103703" failures="0" tests="2" name="insuranceCalculation_Motorcycle.EndToEndTests_motorcycle2" time="52.709" errors="0" timestamp="2022-02-21T01:54:36 IST" skipped="1">
  <testcase classname="insuranceCalculation_Motorcycle.EndToEndTests_motorcycle2" name="insuranceCalculate_volvo" time="52.709"/>
  <system-out/>
  <testcase classname="insuranceCalculation_Motorcycle.EndToEndTests_motorcycle2" name="insuranceCalculate_ford">
    <skipped/>
  </testcase> <!-- insuranceCalculate_ford -->
  <system-out/>
</testsuite> <!-- insuranceCalculation_Motorcycle.EndToEndTests_motorcycle2 -->
